<?xml version="1.0" encoding="UTF-8"?>
<robot generator="Robot 6.1.1 (Python 3.9.13 on win32)" generated="20230828 22:12:11.606" rpa="false" schemaversion="4">
<suite id="s1" name="Demo Guru Login" source="C:\Users\minh1\autotest\demo_guru\demo_guru_login.robot">
<test id="s1-t1" name="Login_success" line="6">
<kw name="Truy cập trang web guru">
<kw name="Open Browser" library="SeleniumLibrary">
<arg>https://demo.guru99.com/test/login.html</arg>
<arg>chrome</arg>
<doc>Opens a new browser instance to the optional ``url``.</doc>
<msg timestamp="20230828 22:12:11.811" level="INFO">Opening browser 'chrome' to base url 'https://demo.guru99.com/test/login.html'.</msg>
<status status="PASS" starttime="20230828 22:12:11.803" endtime="20230828 22:12:22.538"/>
</kw>
<kw name="Maximize Browser Window" library="SeleniumLibrary">
<doc>Maximizes current browser window.</doc>
<status status="PASS" starttime="20230828 22:12:22.538" endtime="20230828 22:12:22.657"/>
</kw>
<status status="PASS" starttime="20230828 22:12:11.803" endtime="20230828 22:12:22.657"/>
</kw>
<kw name="Nhập username/password bất kỳ">
<kw name="Input Text" library="SeleniumLibrary">
<arg>//input[@id='email']</arg>
<arg>dieungan@gmail.com</arg>
<doc>Types the given ``text`` into the text field identified by ``locator``.</doc>
<msg timestamp="20230828 22:12:22.659" level="INFO">Typing text 'dieungan@gmail.com' into text field '//input[@id='email']'.</msg>
<status status="PASS" starttime="20230828 22:12:22.658" endtime="20230828 22:12:22.920"/>
</kw>
<kw name="Input Password" library="SeleniumLibrary">
<arg>//input[@id='passwd']</arg>
<arg>123</arg>
<doc>Types the given password into the text field identified by ``locator``.</doc>
<msg timestamp="20230828 22:12:22.920" level="INFO">Typing password into text field '//input[@id='passwd']'.</msg>
<msg timestamp="20230828 22:12:22.981" level="INFO">Temporally setting log level to: NONE</msg>
<msg timestamp="20230828 22:12:23.036" level="INFO">Log level changed from NONE to INFO.</msg>
<status status="PASS" starttime="20230828 22:12:22.920" endtime="20230828 22:12:23.036"/>
</kw>
<status status="PASS" starttime="20230828 22:12:22.658" endtime="20230828 22:12:23.036"/>
</kw>
<kw name="Bấm signIN">
<kw name="Click Button" library="SeleniumLibrary">
<arg>//button[@id='SubmitLogin']</arg>
<doc>Clicks the button identified by ``locator``.</doc>
<msg timestamp="20230828 22:12:23.036" level="INFO">Clicking button '//button[@id='SubmitLogin']'.</msg>
<status status="PASS" starttime="20230828 22:12:23.036" endtime="20230828 22:12:24.565"/>
</kw>
<status status="PASS" starttime="20230828 22:12:23.036" endtime="20230828 22:12:24.565"/>
</kw>
<kw name="verify login thành công">
<kw name="Page Should Contain Element" library="SeleniumLibrary">
<arg>//h3[normalize-space()='Successfully Logged in...']</arg>
<doc>Verifies that element ``locator`` is found on the current page.</doc>
<msg timestamp="20230828 22:12:24.582" level="INFO">Current page contains element '//h3[normalize-space()='Successfully Logged in...']'.</msg>
<status status="PASS" starttime="20230828 22:12:24.566" endtime="20230828 22:12:24.582"/>
</kw>
<status status="PASS" starttime="20230828 22:12:24.566" endtime="20230828 22:12:24.583"/>
</kw>
<tag>login</tag>
<status status="PASS" starttime="20230828 22:12:11.803" endtime="20230828 22:12:24.583"/>
</test>
<status status="PASS" starttime="20230828 22:12:11.608" endtime="20230828 22:12:24.585"/>
</suite>
<statistics>
<total>
<stat pass="1" fail="0" skip="0">All Tests</stat>
</total>
<tag>
<stat pass="1" fail="0" skip="0">login</stat>
</tag>
<suite>
<stat pass="1" fail="0" skip="0" id="s1" name="Demo Guru Login">Demo Guru Login</stat>
</suite>
</statistics>
<errors>
</errors>
</robot>
