<?xml version="1.0" encoding="UTF-8"?>
<robot generator="Robot 6.1.1 (Python 3.9.13 on win32)" generated="20230829 19:13:57.323" rpa="false" schemaversion="4">
<suite id="s1" name="Demo Guru" source="C:\Users\minh1\autotest\demo_guru">
<suite id="s1-s1" name="Demo Timkiemweb Msb" source="C:\Users\minh1\autotest\demo_guru\demo_timkiemweb_msb.robot">
<test id="s1-s1-t1" name="Tc_o1_Truy cập web msb" line="6">
<kw name="Truy cập google.com">
<kw name="Open Browser" library="SeleniumLibrary">
<arg>https://www.google.com/</arg>
<arg>chrome</arg>
<doc>Opens a new browser instance to the optional ``url``.</doc>
<msg timestamp="20230829 19:13:57.575" level="INFO">Opening browser 'chrome' to base url 'https://www.google.com/'.</msg>
<status status="PASS" starttime="20230829 19:13:57.574" endtime="20230829 19:14:00.277"/>
</kw>
<kw name="Maximize Browser Window" library="SeleniumLibrary">
<doc>Maximizes current browser window.</doc>
<status status="PASS" starttime="20230829 19:14:00.278" endtime="20230829 19:14:00.403"/>
</kw>
<status status="PASS" starttime="20230829 19:13:57.573" endtime="20230829 19:14:00.403"/>
</kw>
<kw name="Click vào ô tìm kiềm và nhập từ khóa &quot;MSB&quot;">
<kw name="Wait Until Element Is Visible" library="SeleniumLibrary">
<arg>//textarea[@id='APjFqb']</arg>
<arg>30s</arg>
<doc>Waits until the element ``locator`` is visible.</doc>
<status status="PASS" starttime="20230829 19:14:00.404" endtime="20230829 19:14:00.443"/>
</kw>
<kw name="Input Text" library="SeleniumLibrary">
<arg>//textarea[@id='APjFqb']</arg>
<arg>msb</arg>
<doc>Types the given ``text`` into the text field identified by ``locator``.</doc>
<msg timestamp="20230829 19:14:00.444" level="INFO">Typing text 'msb' into text field '//textarea[@id='APjFqb']'.</msg>
<status status="PASS" starttime="20230829 19:14:00.443" endtime="20230829 19:14:00.554"/>
</kw>
<status status="PASS" starttime="20230829 19:14:00.403" endtime="20230829 19:14:00.554"/>
</kw>
<kw name="Nhấn phím Enter để tìm kiếm">
<kw name="Press Keys" library="SeleniumLibrary">
<arg>//textarea[@id='APjFqb']</arg>
<arg>ENTER</arg>
<doc>Simulates the user pressing key(s) to an element or on the active browser.</doc>
<msg timestamp="20230829 19:14:00.557" level="INFO">Sending key(s) ('ENTER',) to //textarea[@id='APjFqb'] element.</msg>
<msg timestamp="20230829 19:14:00.859" level="INFO">Pressing special key ENTER to element.</msg>
<msg timestamp="20230829 19:14:00.860" level="INFO">Releasing special key ENTER.</msg>
<status status="PASS" starttime="20230829 19:14:00.556" endtime="20230829 19:14:02.993"/>
</kw>
<status status="PASS" starttime="20230829 19:14:00.555" endtime="20230829 19:14:02.993"/>
</kw>
<kw name="Sleep" library="BuiltIn">
<arg>10s</arg>
<doc>Pauses the test executed for the given time.</doc>
<msg timestamp="20230829 19:14:13.006" level="INFO">Slept 10 seconds</msg>
<status status="PASS" starttime="20230829 19:14:02.994" endtime="20230829 19:14:13.006"/>
</kw>
<kw name="Click vào kết quả tìm kiếm đầu tiên">
<kw name="Wait Until Element Is Visible" library="SeleniumLibrary">
<arg>//div[@id='search']//a[@href='https://www.msb.com.vn/vi/']</arg>
<arg>5s</arg>
<doc>Waits until the element ``locator`` is visible.</doc>
<status status="PASS" starttime="20230829 19:14:13.009" endtime="20230829 19:14:13.055"/>
</kw>
<kw name="Click Element" library="SeleniumLibrary">
<arg>//div[@id='search']//a[@href='https://www.msb.com.vn/vi/']</arg>
<doc>Click the element identified by ``locator``.</doc>
<msg timestamp="20230829 19:14:13.056" level="INFO">Clicking element '//div[@id='search']//a[@href='https://www.msb.com.vn/vi/']'.</msg>
<status status="PASS" starttime="20230829 19:14:13.056" endtime="20230829 19:14:23.046"/>
</kw>
<status status="PASS" starttime="20230829 19:14:13.008" endtime="20230829 19:14:23.046"/>
</kw>
<kw name="Tắt Popup">
<kw name="Wait Until Element Is Visible" library="SeleniumLibrary">
<arg>(//span[@class='pop-up-porlet-close-btn'])[2]</arg>
<arg>5s</arg>
<doc>Waits until the element ``locator`` is visible.</doc>
<status status="PASS" starttime="20230829 19:14:23.047" endtime="20230829 19:14:23.082"/>
</kw>
<kw name="Click Element" library="SeleniumLibrary">
<arg>(//span[@class='pop-up-porlet-close-btn'])[2]</arg>
<doc>Click the element identified by ``locator``.</doc>
<msg timestamp="20230829 19:14:23.083" level="INFO">Clicking element '(//span[@class='pop-up-porlet-close-btn'])[2]'.</msg>
<status status="PASS" starttime="20230829 19:14:23.083" endtime="20230829 19:14:23.160"/>
</kw>
<status status="PASS" starttime="20230829 19:14:23.047" endtime="20230829 19:14:23.160"/>
</kw>
<kw name="Verify trang có chứa &quot;Chọn thẻ phù hợp với bạn&quot;">
<kw name="Wait Until Element Is Visible" library="SeleniumLibrary">
<arg>(//div[normalize-space()='Chọn thẻ phù hợp với bạn'])[1]</arg>
<doc>Waits until the element ``locator`` is visible.</doc>
<status status="PASS" starttime="20230829 19:14:23.163" endtime="20230829 19:14:23.200"/>
</kw>
<status status="PASS" starttime="20230829 19:14:23.162" endtime="20230829 19:14:23.200"/>
</kw>
<status status="PASS" starttime="20230829 19:13:57.571" endtime="20230829 19:14:23.201"/>
</test>
<status status="PASS" starttime="20230829 19:13:57.363" endtime="20230829 19:14:23.203"/>
</suite>
<status status="PASS" starttime="20230829 19:13:57.327" endtime="20230829 19:14:23.210"/>
</suite>
<statistics>
<total>
<stat pass="1" fail="0" skip="0">All Tests</stat>
</total>
<tag>
</tag>
<suite>
<stat pass="1" fail="0" skip="0" id="s1" name="Demo Guru">Demo Guru</stat>
<stat pass="1" fail="0" skip="0" id="s1-s1" name="Demo Timkiemweb Msb">Demo Guru.Demo Timkiemweb Msb</stat>
</suite>
</statistics>
<errors>
</errors>
</robot>
